app/build/intermediates/manifest_merge_blame_file/debug/manifest-merger-blame-debug-report.txt
1<?xml version="1.0" encoding="utf-8"?>
2<manifest xmlns:android="http://schemas.android.com/apk/res/android"
3    package="com.matreshka.game"
4    android:versionCode="10"
5    android:versionName="matreshka-bonus-v1" >
6
7    <uses-sdk
8        android:minSdkVersion="17"
8-->src\main\AndroidManifest.xml
9        android:targetSdkVersion="26" />
9-->src\main\AndroidManifest.xml
10
11    <uses-permission android:name="android.permission.WAKE_LOCK" />
11-->src\main\AndroidManifest.xml:5:5-68
11-->src\main\AndroidManifest.xml:5:22-65
12    <uses-permission android:name="android.permission.ACCESS_WIFI_STATE" />
12-->src\main\AndroidManifest.xml:6:5-76
12-->src\main\AndroidManifest.xml:6:22-73
13    <uses-permission android:name="android.permission.WRITE_EXTERNAL_STORAGE" />
13-->src\main\AndroidManifest.xml:7:5-81
13-->src\main\AndroidManifest.xml:7:22-78
14    <uses-permission android:name="android.permission.READ_EXTERNAL_STORAGE" />
14-->src\main\AndroidManifest.xml:8:5-80
14-->src\main\AndroidManifest.xml:8:22-77
15    <uses-permission android:name="android.permission.INTERNET" />
15-->src\main\AndroidManifest.xml:9:5-67
15-->src\main\AndroidManifest.xml:9:22-64
16    <uses-permission android:name="android.permission.REQUEST_INSTALL_PACKAGES" />
16-->src\main\AndroidManifest.xml:10:5-83
16-->src\main\AndroidManifest.xml:10:22-80
17    <uses-permission android:name="android.permission.REQUEST_DELETE_PACKAGES" />
17-->src\main\AndroidManifest.xml:11:5-82
17-->src\main\AndroidManifest.xml:11:22-79
18    <uses-permission android:name="android.permission.VIBRATE" />
18-->src\main\AndroidManifest.xml:12:5-66
18-->src\main\AndroidManifest.xml:12:22-63
19    <uses-permission android:name="android.permission.ACCESS_NETWORK_STATE" />
19-->src\main\AndroidManifest.xml:13:5-79
19-->src\main\AndroidManifest.xml:13:22-76
20    <uses-permission android:name="com.android.vending.CHECK_LICENSE" />
20-->src\main\AndroidManifest.xml:14:5-73
20-->src\main\AndroidManifest.xml:14:22-70
21    <uses-permission android:name="android.permission.GET_ACCOUNTS" />
21-->src\main\AndroidManifest.xml:15:5-71
21-->src\main\AndroidManifest.xml:15:22-68
22    <uses-permission android:name="android.permission.BLUETOOTH" />
22-->src\main\AndroidManifest.xml:16:5-68
22-->src\main\AndroidManifest.xml:16:22-65
23    <uses-permission android:name="android.permission.RECORD_AUDIO" />
23-->src\main\AndroidManifest.xml:17:5-71
23-->src\main\AndroidManifest.xml:17:22-68
24
25    <uses-feature android:glEsVersion="0x00020000" />
25-->src\main\AndroidManifest.xml:19:5-54
25-->src\main\AndroidManifest.xml:19:19-51
26    <uses-feature
26-->src\main\AndroidManifest.xml:20:5-22:36
27        android:name="android.hardware.touchscreen"
27-->src\main\AndroidManifest.xml:21:9-52
28        android:required="false" />
28-->src\main\AndroidManifest.xml:22:9-33
29
30    <application
30-->src\main\AndroidManifest.xml:24:5-88:19
31        android:allowBackup="true"
31-->[com.github.Triggertrap:SeekArc:v1.1] AndroidManifest.xml:35:9-35
32        android:appComponentFactory="androidx.core.app.CoreComponentFactory"
32-->[androidx.core:core:1.3.1] AndroidManifest.xml:24:18-86
33        android:debuggable="true"
34        android:icon="@drawable/ic_launcher"
34-->src\main\AndroidManifest.xml:25:9-45
35        android:isGame="true"
35-->src\main\AndroidManifest.xml:26:9-30
36        android:label="@string/app_name"
36-->src\main\AndroidManifest.xml:27:9-41
37        android:largeHeap="true"
37-->src\main\AndroidManifest.xml:28:9-33
38        android:logo="@drawable/adtlogo"
38-->src\main\AndroidManifest.xml:29:9-41
39        android:testOnly="true" >
40        <provider
40-->src\main\AndroidManifest.xml:31:9-39:20
41            android:name="androidx.core.content.FileProvider"
41-->src\main\AndroidManifest.xml:32:13-62
42            android:authorities="com.izmailov.game.provider"
42-->src\main\AndroidManifest.xml:33:13-61
43            android:exported="false"
43-->src\main\AndroidManifest.xml:34:13-37
44            android:grantUriPermissions="true" >
44-->src\main\AndroidManifest.xml:35:13-47
45            <meta-data
45-->src\main\AndroidManifest.xml:36:13-38:58
46                android:name="android.support.FILE_PROVIDER_PATHS"
46-->src\main\AndroidManifest.xml:37:17-67
47                android:resource="@xml/provider_paths" />
47-->src\main\AndroidManifest.xml:38:17-55
48        </provider>
49
50        <activity
50-->src\main\AndroidManifest.xml:41:9-44:83
51            android:name="com.saint.game.launcher.InstallGame"
51-->src\main\AndroidManifest.xml:42:13-63
52            android:screenOrientation="portrait"
52-->src\main\AndroidManifest.xml:43:13-49
53            android:theme="@style/Theme.AppCompat.Light.NoActionBar.FullScreen" />
53-->src\main\AndroidManifest.xml:44:13-80
54        <activity
54-->src\main\AndroidManifest.xml:45:9-48:83
55            android:name="com.saint.game.launcher.MainActivity"
55-->src\main\AndroidManifest.xml:46:13-64
56            android:screenOrientation="portrait"
56-->src\main\AndroidManifest.xml:47:13-49
57            android:theme="@style/Theme.AppCompat.Light.NoActionBar.FullScreen" />
57-->src\main\AndroidManifest.xml:48:13-80
58        <activity
58-->src\main\AndroidManifest.xml:49:9-52:83
59            android:name="com.saint.game.launcher.SettingsActivity"
59-->src\main\AndroidManifest.xml:50:13-68
60            android:screenOrientation="portrait"
60-->src\main\AndroidManifest.xml:51:13-49
61            android:theme="@style/Theme.AppCompat.Light.NoActionBar.FullScreen" />
61-->src\main\AndroidManifest.xml:52:13-80
62        <activity
62-->src\main\AndroidManifest.xml:53:9-56:83
63            android:name="com.saint.game.launcher.DonateActivity"
63-->src\main\AndroidManifest.xml:54:13-66
64            android:screenOrientation="portrait"
64-->src\main\AndroidManifest.xml:55:13-49
65            android:theme="@style/Theme.AppCompat.Light.NoActionBar.FullScreen" />
65-->src\main\AndroidManifest.xml:56:13-80
66        <activity
66-->src\main\AndroidManifest.xml:57:9-60:83
67            android:name="com.saint.game.launcher.VKActivity"
67-->src\main\AndroidManifest.xml:58:13-62
68            android:screenOrientation="portrait"
68-->src\main\AndroidManifest.xml:59:13-49
69            android:theme="@style/Theme.AppCompat.Light.NoActionBar.FullScreen" />
69-->src\main\AndroidManifest.xml:60:13-80
70        <activity
70-->src\main\AndroidManifest.xml:61:9-71:20
71            android:name="com.saint.game.launcher.SplashActivity"
71-->src\main\AndroidManifest.xml:62:13-66
72            android:label="@string/app_name"
72-->src\main\AndroidManifest.xml:63:13-45
73            android:screenOrientation="portrait"
73-->src\main\AndroidManifest.xml:64:13-49
74            android:theme="@style/Theme.AppCompat.Light.NoActionBar.FullScreen" >
74-->src\main\AndroidManifest.xml:65:13-80
75            <intent-filter>
75-->src\main\AndroidManifest.xml:66:13-70:29
76                <action android:name="android.intent.action.MAIN" />
76-->src\main\AndroidManifest.xml:67:17-69
76-->src\main\AndroidManifest.xml:67:25-66
77
78                <category android:name="android.intent.category.LAUNCHER" />
78-->src\main\AndroidManifest.xml:69:17-77
78-->src\main\AndroidManifest.xml:69:27-74
79            </intent-filter>
80        </activity>
81        <activity
81-->src\main\AndroidManifest.xml:72:9-79:59
82            android:name="com.saint.game.core.GTASA"
82-->src\main\AndroidManifest.xml:73:13-53
83            android:configChanges="keyboard|keyboardHidden|orientation|screenSize|uiMode"
83-->src\main\AndroidManifest.xml:74:13-90
84            android:label="@string/app_name"
84-->src\main\AndroidManifest.xml:75:13-45
85            android:launchMode="singleTask"
85-->src\main\AndroidManifest.xml:76:13-44
86            android:screenOrientation="landscape"
86-->src\main\AndroidManifest.xml:77:13-50
87            android:theme="@style/Theme.AppCompat.Light.NoActionBar.FullScreen"
87-->src\main\AndroidManifest.xml:78:13-80
88            android:windowSoftInputMode="adjustNothing" />
88-->src\main\AndroidManifest.xml:79:13-56
89        <activity
89-->src\main\AndroidManifest.xml:80:9-83:83
90            android:name="com.saint.game.GTASA"
90-->src\main\AndroidManifest.xml:81:13-48
91            android:screenOrientation="landscape"
91-->src\main\AndroidManifest.xml:82:13-50
92            android:theme="@style/Theme.AppCompat.Light.NoActionBar.FullScreen" />
92-->src\main\AndroidManifest.xml:83:13-80
93
94        <meta-data
94-->src\main\AndroidManifest.xml:85:9-87:35
95            android:name="android.max_aspect"
95-->src\main\AndroidManifest.xml:86:13-46
96            android:value="2.1" />
96-->src\main\AndroidManifest.xml:87:13-32
97    </application>
98
99</manifest>